#
# There is insufficient memory for the Java Runtime Environment to continue.
# Native memory allocation (mmap) failed to map 199229440 bytes for G1 virtual space
# Possible reasons:
#   The system is out of physical RAM or swap space
#   The process is running with CompressedOops enabled, and the Java Heap may be blocking the growth of the native heap
# Possible solutions:
#   Reduce memory load on the system
#   Increase physical memory or swap space
#   Check if swap backing store is full
#   Decrease Java heap size (-Xmx/-Xms)
#   Decrease number of Java threads
#   Decrease Java thread stack sizes (-Xss)
#   Set larger code cache with -XX:ReservedCodeCacheSize=
#   JVM is running with Zero Based Compressed Oops mode in which the Java heap is
#     placed in the first 32GB address space. The Java Heap base address is the
#     maximum limit for the native heap growth. Please use -XX:HeapBaseMinAddress
#     to set the Java Heap base and to place the Java Heap above 32GB virtual address.
# This output file may be truncated or incomplete.
#
#  Out of Memory Error (os_windows.cpp:3469), pid=38600, tid=35308
#
# JRE version:  (17.0+35) (build )
# Java VM: OpenJDK 64-Bit Server VM (17+35, mixed mode, sharing, tiered, compressed oops, compressed class ptrs, g1 gc, windows-amd64)
# No core dump will be written. Minidumps are not enabled by default on client versions of Windows
#

---------------  S U M M A R Y ------------

Command Line: -Dfile.encoding=Cp1255 -XX:+ShowCodeDetailsInExceptionMessages Controller.MainClass

Host: Intel(R) Core(TM) i7-10510U CPU @ 1.80GHz, 8 cores, 11G,  Windows 10 , 64 bit Build 19041 (10.0.19041.1466)
Time: Mon Jan 17 17:30:34 2022  Windows 10 , 64 bit Build 19041 (10.0.19041.1466) elapsed time: 0.011910 seconds (0d 0h 0m 0s)

---------------  T H R E A D  ---------------

Current thread (0x000001add688d8a0):  JavaThread "Unknown thread" [_thread_in_vm, id=35308, stack(0x0000009e58b00000,0x0000009e58c00000)]

Stack: [0x0000009e58b00000,0x0000009e58c00000]
Native frames: (J=compiled Java code, j=interpreted, Vv=VM code, C=native code)
V  [jvm.dll+0x674afa]
V  [jvm.dll+0x82eb44]
V  [jvm.dll+0x8302ee]
V  [jvm.dll+0x830953]
V  [jvm.dll+0x245335]
V  [jvm.dll+0x671ae9]
V  [jvm.dll+0x6665b2]
V  [jvm.dll+0x303e3b]
V  [jvm.dll+0x30b376]
V  [jvm.dll+0x35b30e]
V  [jvm.dll+0x35b53f]
V  [jvm.dll+0x2dad78]
V  [jvm.dll+0x2dbce4]
V  [jvm.dll+0x8006a1]
V  [jvm.dll+0x369081]
V  [jvm.dll+0x7dfb6c]
V  [jvm.dll+0x3eb9bf]
V  [jvm.dll+0x3ed6f1]
C  [jli.dll+0x5277]
C  [ucrtbase.dll+0x21bb2]
C  [KERNEL32.DLL+0x17034]
C  [ntdll.dll+0x52651]


---------------  P R O C E S S  ---------------

Threads class SMR info:
_java_thread_list=0x00007ff86f7e4e58, length=0, elements={
}

Java Threads: ( => current thread )

Other Threads:
  0x000001add68d0330 GCTaskThread "GC Thread#0" [stack: 0x0000009e58c00000,0x0000009e58d00000] [id=4220]
  0x000001add68dd030 ConcurrentGCThread "G1 Main Marker" [stack: 0x0000009e58d00000,0x0000009e58e00000] [id=34900]
  0x000001add68dee50 ConcurrentGCThread "G1 Conc#0" [stack: 0x0000009e58e00000,0x0000009e58f00000] [id=38732]

[error occurred during error reporting (printing all threads), id 0xc0000005, EXCEPTION_ACCESS_VIOLATION (0xc0000005) at pc=0x00007ff86efbb7f7]

VM state: not at safepoint (not fully initialized)

VM Mutex/Monitor currently owned by a thread:  ([mutex/lock_event])
[0x000001add6888b50] Heap_lock - owner thread: 0x000001add688d8a0

Heap address: 0x0000000742400000, size: 3036 MB, Compressed Oops mode: Zero based, Oop shift amount: 3

CDS archive(s) mapped at: [0x0000000000000000-0x0000000000000000-0x0000000000000000), size 0, SharedBaseAddress: 0x0000000800000000, ArchiveRelocationMode: 0.
Narrow klass base: 0x0000000000000000, Narrow klass shift: 0, Narrow klass range: 0x0

GC Precious Log:
<Empty>

Heap:
 garbage-first heap   total 0K, used 0K [0x0000000742400000, 0x0000000800000000)
  region size 2048K, 0 young (0K), 0 survivors (0K)

[error occurred during error reporting (printing heap information), id 0xc0000005, EXCEPTION_ACCESS_VIOLATION (0xc0000005) at pc=0x00007ff86f39dfc9]

GC Heap History (0 events):
No events

Deoptimization events (0 events):
No events

Classes unloaded (0 events):
No events

Classes redefined (0 events):
No events

Internal exceptions (0 events):
No events

VM Operations (0 events):
No events

Events (1 events):
Event: 0.008 Loaded shared library C:\Users\roe_l\.p2\pool\plugins\org.eclipse.justj.openjdk.hotspot.jre.full.win32.x86_64_17.0.0.v20211012-1059\jre\bin\java.dll


Dynamic libraries:
0x00007ff66a480000 - 0x00007ff66a48e000 	C:\Users\roe_l\.p2\pool\plugins\org.eclipse.justj.openjdk.hotspot.jre.full.win32.x86_64_17.0.0.v20211012-1059\jre\bin\javaw.exe
0x00007ff8e6170000 - 0x00007ff8e6365000 	C:\WINDOWS\SYSTEM32\ntdll.dll
0x00007ff8e5110000 - 0x00007ff8e51ce000 	C:\WINDOWS\System32\KERNEL32.DLL
0x00007ff8e3e50000 - 0x00007ff8e4118000 	C:\WINDOWS\System32\KERNELBASE.dll
0x00007ff8e3a00000 - 0x00007ff8e3b00000 	C:\WINDOWS\System32\ucrtbase.dll
0x00007ff8dbf10000 - 0x00007ff8dbf29000 	C:\Users\roe_l\.p2\pool\plugins\org.eclipse.justj.openjdk.hotspot.jre.full.win32.x86_64_17.0.0.v20211012-1059\jre\bin\VCRUNTIME140.dll
0x00007ff8dbef0000 - 0x00007ff8dbf08000 	C:\Users\roe_l\.p2\pool\plugins\org.eclipse.justj.openjdk.hotspot.jre.full.win32.x86_64_17.0.0.v20211012-1059\jre\bin\jli.dll
0x00007ff8e45b0000 - 0x00007ff8e4751000 	C:\WINDOWS\System32\USER32.dll
0x00007ff8e3b00000 - 0x00007ff8e3b22000 	C:\WINDOWS\System32\win32u.dll
0x00007ff8e4760000 - 0x00007ff8e478b000 	C:\WINDOWS\System32\GDI32.dll
0x00007ff8cb910000 - 0x00007ff8cbbaa000 	C:\WINDOWS\WinSxS\amd64_microsoft.windows.common-controls_6595b64144ccf1df_6.0.19041.1110_none_60b5254171f9507e\COMCTL32.dll
0x00007ff8e3b30000 - 0x00007ff8e3c3d000 	C:\WINDOWS\System32\gdi32full.dll
0x00007ff8e48a0000 - 0x00007ff8e493e000 	C:\WINDOWS\System32\msvcrt.dll
0x00007ff8e3960000 - 0x00007ff8e39fd000 	C:\WINDOWS\System32\msvcp_win.dll
0x00007ff8e42e0000 - 0x00007ff8e4310000 	C:\WINDOWS\System32\IMM32.DLL
0x00007ff8da680000 - 0x00007ff8da68c000 	C:\Users\roe_l\.p2\pool\plugins\org.eclipse.justj.openjdk.hotspot.jre.full.win32.x86_64_17.0.0.v20211012-1059\jre\bin\vcruntime140_1.dll
0x00007ff893a70000 - 0x00007ff893b01000 	C:\Users\roe_l\.p2\pool\plugins\org.eclipse.justj.openjdk.hotspot.jre.full.win32.x86_64_17.0.0.v20211012-1059\jre\bin\msvcp140.dll
0x00007ff86ecd0000 - 0x00007ff86f916000 	C:\Users\roe_l\.p2\pool\plugins\org.eclipse.justj.openjdk.hotspot.jre.full.win32.x86_64_17.0.0.v20211012-1059\jre\bin\server\jvm.dll
0x00007ff8e6080000 - 0x00007ff8e612e000 	C:\WINDOWS\System32\ADVAPI32.dll
0x00007ff8e5920000 - 0x00007ff8e59bc000 	C:\WINDOWS\System32\sechost.dll
0x00007ff8e41b0000 - 0x00007ff8e42d5000 	C:\WINDOWS\System32\RPCRT4.dll
0x00007ff8e4c60000 - 0x00007ff8e4c68000 	C:\WINDOWS\System32\PSAPI.DLL
0x00007ff8c7280000 - 0x00007ff8c72a7000 	C:\WINDOWS\SYSTEM32\WINMM.dll
0x00007ff8dbfb0000 - 0x00007ff8dbfb9000 	C:\WINDOWS\SYSTEM32\WSOCK32.dll
0x00007ff8d97c0000 - 0x00007ff8d97ca000 	C:\WINDOWS\SYSTEM32\VERSION.dll
0x00007ff8e4b20000 - 0x00007ff8e4b8b000 	C:\WINDOWS\System32\WS2_32.dll
0x00007ff8e2100000 - 0x00007ff8e2112000 	C:\WINDOWS\SYSTEM32\kernel.appcore.dll
0x00007ff8da670000 - 0x00007ff8da67a000 	C:\Users\roe_l\.p2\pool\plugins\org.eclipse.justj.openjdk.hotspot.jre.full.win32.x86_64_17.0.0.v20211012-1059\jre\bin\jimage.dll
0x00007ff8e1670000 - 0x00007ff8e1854000 	C:\WINDOWS\SYSTEM32\DBGHELP.DLL
0x00007ff8c35c0000 - 0x00007ff8c35ec000 	C:\WINDOWS\SYSTEM32\dbgcore.DLL
0x00007ff8e4120000 - 0x00007ff8e41a2000 	C:\WINDOWS\System32\bcryptPrimitives.dll
0x00007ff8a6520000 - 0x00007ff8a6545000 	C:\Users\roe_l\.p2\pool\plugins\org.eclipse.justj.openjdk.hotspot.jre.full.win32.x86_64_17.0.0.v20211012-1059\jre\bin\java.dll

dbghelp: loaded successfully - version: 4.0.5 - missing functions: none
symbol engine: initialized successfully - sym options: 0x614 - pdb path: .;C:\Users\roe_l\.p2\pool\plugins\org.eclipse.justj.openjdk.hotspot.jre.full.win32.x86_64_17.0.0.v20211012-1059\jre\bin;C:\WINDOWS\SYSTEM32;C:\WINDOWS\WinSxS\amd64_microsoft.windows.common-controls_6595b64144ccf1df_6.0.19041.1110_none_60b5254171f9507e;C:\Users\roe_l\.p2\pool\plugins\org.eclipse.justj.openjdk.hotspot.jre.full.win32.x86_64_17.0.0.v20211012-1059\jre\bin\server

VM Arguments:
jvm_args: -Dfile.encoding=Cp1255 -XX:+ShowCodeDetailsInExceptionMessages 
java_command: Controller.MainClass
java_class_path (initial): C:\projects\Java\Ex5_207480690_316404490\bin;C:\projects\Java\Ex5_207480690_316404490\jcalendar-1.4.jar
Launcher Type: SUN_STANDARD

[Global flags]
     intx CICompilerCount                          = 4                                         {product} {ergonomic}
     uint ConcGCThreads                            = 2                                         {product} {ergonomic}
     uint G1ConcRefinementThreads                  = 8                                         {product} {ergonomic}
   size_t G1HeapRegionSize                         = 2097152                                   {product} {ergonomic}
    uintx GCDrainStackTargetSize                   = 64                                        {product} {ergonomic}
   size_t InitialHeapSize                          = 199229440                                 {product} {ergonomic}
   size_t MarkStackSize                            = 4194304                                   {product} {ergonomic}
   size_t MaxHeapSize                              = 3183476736                                {product} {ergonomic}
   size_t MinHeapDeltaBytes                        = 2097152                                   {product} {ergonomic}
   size_t MinHeapSize                              = 8388608                                   {product} {ergonomic}
    uintx NonNMethodCodeHeapSize                   = 5839372                                {pd product} {ergonomic}
    uintx NonProfiledCodeHeapSize                  = 122909434                              {pd product} {ergonomic}
    uintx ProfiledCodeHeapSize                     = 122909434                              {pd product} {ergonomic}
    uintx ReservedCodeCacheSize                    = 251658240                              {pd product} {ergonomic}
     bool SegmentedCodeCache                       = true                                      {product} {ergonomic}
     bool ShowCodeDetailsInExceptionMessages       = true                                   {manageable} {command line}
   size_t SoftMaxHeapSize                          = 3183476736                             {manageable} {ergonomic}
     bool UseCompressedClassPointers               = true                           {product lp64_product} {ergonomic}
     bool UseCompressedOops                        = true                           {product lp64_product} {ergonomic}
     bool UseG1GC                                  = true                                      {product} {ergonomic}
     bool UseLargePagesIndividualAllocation        = false                                  {pd product} {ergonomic}

Logging:
Log output configuration:
 #0: stdout all=warning uptime,level,tags
 #1: stderr all=off uptime,level,tags

Environment Variables:
PATH=C:/Users/roe_l/.p2/pool/plugins/org.eclipse.justj.openjdk.hotspot.jre.full.win32.x86_64_17.0.0.v20211012-1059/jre/bin/server;C:/Users/roe_l/.p2/pool/plugins/org.eclipse.justj.openjdk.hotspot.jre.full.win32.x86_64_17.0.0.v20211012-1059/jre/bin;C:\Program Files (x86)\Common Files\Oracle\Java\javapath;C:\Windows\system32;C:\Windows;C:\Windows\System32\Wbem;C:\Windows\System32\WindowsPowerShell\v1.0\;C:\Windows\System32\OpenSSH\;C:\Program Files (x86)\NVIDIA Corporation\PhysX\Common;C:\WINDOWS\system32;C:\WINDOWS;C:\WINDOWS\System32\Wbem;C:\WINDOWS\System32\WindowsPowerShell\v1.0\;C:\WINDOWS\System32\OpenSSH\;C:\Program Files\dotnet\;C:\Program Files\Microsoft SQL Server\130\Tools\Binn\;C:\Program Files\Microsoft SQL Server\Client SDK\ODBC\170\Tools\Binn\;C:\Program Files (x86)\Microsoft SQL Server\150\Tools\Binn\;C:\Program Files\Microsoft SQL Server\150\Tools\Binn\;C:\Program Files\Microsoft SQL Server\150\DTS\Binn\;C:\Program Files (x86)\Microsoft SQL Server\150\DTS\Binn\;C:\Program Files\Azure Data Studio\bin;C:\Users\roe_l\AppData\Local\Microsoft\WindowsApps;C:\Users\roe_l\.dotnet\tools;;C:\Program Files\Azure Data Studio\bin;C:\WINDOWS\system32;
USERNAME=roe_l
OS=Windows_NT
PROCESSOR_IDENTIFIER=Intel64 Family 6 Model 142 Stepping 12, GenuineIntel



---------------  S Y S T E M  ---------------

OS:
 Windows 10 , 64 bit Build 19041 (10.0.19041.1466)
OS uptime: 3 days 7:52 hours

CPU: total 8 (initial active 8) (4 cores per cpu, 2 threads per core) family 6 model 142 stepping 12 microcode 0xbe, cx8, cmov, fxsr, ht, mmx, 3dnowpref, sse, sse2, sse3, ssse3, sse4.1, sse4.2, popcnt, lzcnt, tsc, tscinvbit, avx, avx2, aes, erms, clmul, bmi1, bmi2, adx, fma, vzeroupper, clflush, clflushopt

Memory: 4k page, system-wide physical 12139M (1035M free)
TotalPageFile size 49003M (AvailPageFile size 67M)
current process WorkingSet (physical memory assigned to process): 10M, peak: 10M
current process commit charge ("private bytes"): 59M, peak: 249M

vm_info: OpenJDK 64-Bit Server VM (17+35) for windows-amd64 JRE (17+35), built on Sep 14 2021 17:27:39 by "" with MS VC++ 16.7 (VS2019)

END.
