#
# There is insufficient memory for the Java Runtime Environment to continue.
# Native memory allocation (malloc) failed to allocate 32744 bytes for ChunkPool::allocate
# Possible reasons:
#   The system is out of physical RAM or swap space
#   The process is running with CompressedOops enabled, and the Java Heap may be blocking the growth of the native heap
# Possible solutions:
#   Reduce memory load on the system
#   Increase physical memory or swap space
#   Check if swap backing store is full
#   Decrease Java heap size (-Xmx/-Xms)
#   Decrease number of Java threads
-XX:+ShowCodeDetailsInExceptionMessages Controller.MainClass

Host: Intel(R) Core(TM) i7-10510U CPU @ 1.80GHz, 8 cores, 11G,  Windows 10 , 64 bit Build 19041 (10.0.19041.1466)
Time: Mon Jan 17 17:27:21 2022  Windows 10 , 64 bit Build 19041 (10.0.19041.1466) elapsed time: 8190.328344 seconds (0d 2h 16m 30s)

---------------  T H R E A D  ---------------

Current thread (0x00000203fe448860):  JavaThread "C2 CompilerThread0" daemon [_thread_in_native, id=6676, stack(0x0000005e42800000,0x0000005e42900000)]


Current CompileTask:
C2:8190328 2265       4       sun.util.logging.PlatformLogger::isLoggable (23 bytes)

Stack: [0x0000005e42800000,0x0000005e42900000]
Native frames: (J=compiled Java code, j=interpreted, Vv=VM code, C=native code)
V  [jvm.dll+0x674afa]
V  [jvm.dll+0x82eb44]
V  [jvm.dll+0x8302ee]
V  [jvm.dll+0x830953]
V  [jvm.dll+0x245335]
V  [jvm.dll+0xab770]
V  [jvm.dll+0xababc]
V  [jvm.dll+0x606094]
V  [jvm.dll+0x60768b]
V  [jvm.dll+0x605bf4]
V  [jvm.dll+0x218068]
V  [jvm.dll+0x217611]
V  [jvm.dll+0x1a356d]
V  [jvm.dll+0x226ff8]
V  [jvm.dll+0x22513c]
V  [jvm.dll+0x7e47fb]
V  [jvm.dll+0x7dedba]
V  [jvm.dll+0x673925]
C  [ucrtbase.dll+0x21bb2]
C  [KERNEL32.DLL+0x17034]
C  [ntdll.dll+0x52651]


---------------  P R O C E S S  ---------------

Threads class SMR info:
_java_thread_list=0x0000020390b57980, length=17, elements={
0x00000203fe413420, 0x00000203fd7e9ca0, 0x00000203fd81c7d0, 0x00000203fd81d290,
0x00000203fd81fd50, 0x00000203fd823eb0, 0x00000203fe448860, 0x00000203fe449510,
0x00000203fe44c5e0, 0x00000203fe5a9bf0, 0x00000203fe5c0140, 0x00000203fe7e17a0,
0x00000203fe7de780, 0x00000203fe7e12d0, 0x00000203fe7dec50, 0x00000203fe7e2140,
0x00000203fe7dfac0
}

Java Threads: ( => current thread )
  0x00000203fe413420 JavaThread "Reference Handler" daemon [_thread_blocked, id=14040, stack(0x0000005e42200000,0x0000005e42300000)]
  0x00000203fd7e9ca0 JavaThread "Finalizer" daemon [_thread_blocked, id=18408, stack(0x0000005e42300000,0x0000005e42400000)]
  0x00000203fd81c7d0 JavaThread "Signal Dispatcher" daemon [_thread_blocked, id=28124, stack(0x0000005e42400000,0x0000005e42500000)]
  0x00000203fd81d290 JavaThread "Attach Listener" daemon [_thread_blocked, id=28112, stack(0x0000005e42500000,0x0000005e42600000)]
  0x00000203fd81fd50 JavaThread "Service Thread" daemon [_thread_blocked, id=16540, stack(0x0000005e42600000,0x0000005e42700000)]
  0x00000203fd823eb0 JavaThread "Monitor Deflation Thread" daemon [_thread_blocked, id=27908, stack(0x0000005e42700000,0x0000005e42800000)]
=>0x00000203fe448860 JavaThread "C2 CompilerThread0" daemon [_thread_in_native, id=6676, stack(0x0000005e42800000,0x0000005e42900000)]
  0x00000203fe449510 JavaThread "C1 CompilerThread0" daemon [_thread_blocked, id=5748, stack(0x0000005e42900000,0x0000005e42a00000)]
  0x00000203fe44c5e0 JavaThread "Sweeper thread" daemon [_thread_blocked, id=9044, stack(0x0000005e42a00000,0x0000005e42b00000)]
  0x00000203fe5a9bf0 JavaThread "Notification Thread" daemon [_thread_blocked, id=12200, stack(0x0000005e42b00000,0x0000005e42c00000)]
  0x00000203fe5c0140 JavaThread "Common-Cleaner" daemon [_thread_blocked, id=20340, stack(0x0000005e42d00000,0x0000005e42e00000)]
  0x00000203fe7e17a0 JavaThread "Java2D Disposer" daemon [_thread_blocked, id=25700, stack(0x0000005e42e00000,0x0000005e42f00000)]
  0x00000203fe7de780 JavaThread "AWT-Shutdown" [_thread_blocked, id=29108, stack(0x0000005e42f00000,0x0000005e43000000)]
  0x00000203fe7e12d0 JavaThread "AWT-Windows" daemon [_thread_in_native, id=25912, stack(0x0000005e43000000,0x0000005e43100000)]
  0x00000203fe7dec50 JavaThread "AWT-EventQueue-0" [_thread_in_native, id=28628, stack(0x0000005e43100000,0x0000005e43200000)]
  0x00000203fe7e2140 JavaThread "DestroyJavaVM" [_thread_blocked, id=18208, stack(0x0000005e41b00000,0x0000005e41c00000)]
  0x00000203fe7dfac0 JavaThread "TimerQueue" daemon [_thread_blocked, id=28388, stack(0x0000005e43500000,0x0000005e43600000)]

Other Threads:
  0x00000203fd806920 VMThread "VM Thread" [stack: 0x0000005e42100000,0x0000005e42200000] [id=28624]
  0x00000203ee3d7990 WatcherThread [stack: 0x0000005e42c00000,0x0000005e42d00000] [id=22572]
  0x00000203ee3c19f0 GCTaskThread "GC Thread#0" [stack: 0x0000005e41c00000,0x0000005e41d00000] [id=21016]
  0x000002039049a8c0 GCTaskThread "GC Thread#1" [stack: 0x0000005e43600000,0x0000005e43700000] [id=22764]
  0x000002039049af80 GCTaskThread "GC Thread#2" [stack: 0x0000005e43700000,0x0000005e43800000] [id=5984]
  0x000002039049b230 GCTaskThread "GC Thread#3" [stack: 0x0000005e43800000,0x0000005e43900000] [id=22108]
  0x000002039049b4e0 GCTaskThread "GC Thread#4" [stack: 0x0000005e43900000,0x0000005e43a00000] [id=29096]
  0x00000203901d6530 GCTaskThread "GC Thread#5" [stack: 0x0000005e43a00000,0x0000005e43b00000] [id=24376]
  0x00000203fe67db00 GCTaskThread "GC Thread#6" [stack: 0x0000005e43b00000,0x0000005e43c00000] [id=29332]
  0x00000203fe67e5c0 GCTaskThread "GC Thread#7" [stack: 0x0000005e43c00000,0x0000005e43d00000] [id=5132]
  0x00000203ee3ce6f0 ConcurrentGCThread "G1 Main Marker" [stack: 0x0000005e41d00000,0x0000005e41e00000] [id=25860]
  0x00000203ee3d08b0 ConcurrentGCThread "G1 Conc#0" [stack: 0x0000005e41e00000,0x0000005e41f00000] [id=25112]
  0x00000203ee45e1d0 ConcurrentGCThread "G1 Refine#0" [stack: 0x0000005e41f00000,0x0000005e42000000] [id=19720]
  0x00000203ee45ebf0 ConcurrentGCThread "G1 Service" [stack: 0x0000005e42000000,0x0000005e42100000] [id=19464]

Threads with active compile tasks:
C2 CompilerThread0  8190360 2265       4       sun.util.logging.PlatformLogger::isLoggable (23 bytes)

VM state: not at safepoint (normal execution)

VM Mutex/Monitor currently owned by a thread: None

Heap address: 0x0000000742400000, size: 3036 MB, Compressed Oops mode: Zero based, Oop shift amount: 3

CDS archive(s) not mapped
Compressed class space mapped at: 0x0000000800000000-0x0000000840000000, reserved size: 1073741824
Narrow klass base: 0x0000000800000000, Narrow klass shift: 0, Narrow klass range: 0x40000000

GC Precious Log:
 CPUs: 8 total, 8 available
 Memory: 12139M
 Large Page Support: Disabled
 NUMA Support: Disabled
 Compressed Oops: Enabled (Zero based)
 Heap Region Size: 2M
 Heap Min Capacity: 8M
 Heap Initial Capacity: 190M
 Heap Max Capacity: 3036M
 Pre-touch: Disabled
 Parallel Workers: 8
 Concurrent Workers: 2
 Concurrent Refinement Workers: 8
 Periodic GC: Disabled

Heap:
 garbage-first heap   total 194560K, used 125610K [0x0000000742400000, 0x0000000800000000)
  region size 2048K, 24 young (49152K), 1 survivors (2048K)
 Metaspace       used 17208K, committed 17408K, reserved 1064960K
  class space    used 1695K, committed 1792K, reserved 1048576K

Heap Regions: E=young(eden), S=young(survivor), O=old, HS=humongous(starts), HC=humongous(continues), CS=collection set, F=free, OA=open archive, CA=closed archive, TAMS=top-at-mark-start (previous, next)
|   0|0x0000000742400000, 0x0000000742600000, 0x0000000742600000|100%|HS|  |TAMS 0x0000000742400000, 0x0000000742400000| Complete 
|   1|0x0000000742600000, 0x0000000742800000, 0x0000000742800000|100%|HS|  |TAMS 0x0000000742600000, 0x0000000742600000| Complete 
|   2|0x0000000742800000, 0x0000000742a00000, 0x0000000742a00000|100%|HS|  |TAMS 0x0000000742800000, 0x0000000742800000| Complete 
|   3|0x0000000742a00000, 0x0000000742c00000, 0x0000000742c00000|100%|HS|  |TAMS 0x0000000742a00000, 0x0000000742a00000| Complete 
|   4|0x0000000742c00000, 0x0000000742e00000, 0x0000000742e00000|100%|HS|  |TAMS 0x0000000742c00000, 0x0000000742c00000| Complete 
|   5|0x0000000742e00000, 0x0000000743000000, 0x0000000743000000|100%|HS|  |TAMS 0x0000000742e00000, 0x0000000742e00000| Complete 
|   6|0x0000000743000000, 0x0000000743200000, 0x0000000743200000|100%|HS|  |TAMS 0x0000000743000000, 0x0000000743000000| Complete 
|   7|0x0000000743200000, 0x0000000743400000, 0x0000000743400000|100%|HS|  |TAMS 0x0000000743200000, 0x0000000743200000| Complete 
|   8|0x0000000743400000, 0x0000000743600000, 0x0000000743600000|100%|HC|  |TAMS 0x0000000743400000, 0x0000000743400000| Complete 
|   9|0x0000000743600000, 0x0000000743800000, 0x0000000743800000|100%|HS|  |TAMS 0x0000000743600000, 0x0000000743600000| Complete 
|  10|0x0000000743800000, 0x0000000743a00000, 0x0000000743a00000|100%|HC|  |TAMS 0x0000000743800000, 0x0000000743800000| Complete 
|  11|0x0000000743a00000, 0x0000000743c00000, 0x0000000743c00000|100%|HS|  |TAMS 0x0000000743a00000, 0x0000000743a00000| Complete 
|  12|0x0000000743c00000, 0x0000000743e00000, 0x0000000743e00000|100%|HC|  |TAMS 0x0000000743c00000, 0x0000000743c00000| Complete 
|  13|0x0000000743e00000, 0x0000000744000000, 0x0000000744000000|100%|HS|  |TAMS 0x0000000743e00000, 0x0000000743e00000| Complete 
|  14|0x0000000744000000, 0x0000000744200000, 0x0000000744200000|100%|HC|  |TAMS 0x0000000744000000, 0x0000000744000000| Complete 
|  15|0x0000000744200000, 0x0000000744400000, 0x0000000744400000|100%|HS|  |TAMS 0x0000000744200000, 0x0000000744200000| Complete 
|  16|0x0000000744400000, 0x0000000744600000, 0x0000000744600000|100%|HC|  |TAMS 0x0000000744400000, 0x0000000744400000| Complete 
|  17|0x0000000744600000, 0x0000000744800000, 0x0000000744800000|100%|HS|  |TAMS 0x0000000744600000, 0x0000000744600000| Complete 
|  18|0x0000000744800000, 0x0000000744a00000, 0x0000000744a00000|100%|HC|  |TAMS 0x0000000744800000, 0x0000000744800000| Complete 
|  19|0x0000000744a00000, 0x0000000744c00000, 0x0000000744c00000|100%|HS|  |TAMS 0x0000000744a00000, 0x0000000744a00000| Complete 
|  20|0x0000000744c00000, 0x0000000744e00000, 0x0000000744e00000|100%|HC|  |TAMS 0x0000000744c00000, 0x0000000744c00000| Complete 
|  21|0x0000000744e00000, 0x0000000745000000, 0x0000000745000000|100%|HS|  |TAMS 0x0000000744e00000, 0x0000000744e00000| Complete 
|  22|0x0000000745000000, 0x0000000745200000, 0x0000000745200000|100%|HC|  |TAMS 0x0000000745000000, 0x0000000745000000| Complete 
|  23|0x0000000745200000, 0x0000000745400000, 0x0000000745400000|100%|HS|  |TAMS 0x0000000745200000, 0x0000000745200000| Complete 
|  24|0x0000000745400000, 0x0000000745600000, 0x0000000745600000|100%|HC|  |TAMS 0x0000000745400000, 0x0000000745400000| Complete 
|  25|0x0000000745600000, 0x0000000745800000, 0x0000000745800000|100%|HS|  |TAMS 0x0000000745600000, 0x0000000745600000| Complete 
|  26|0x0000000745800000, 0x0000000745a00000, 0x0000000745a00000|100%|HC|  |TAMS 0x0000000745800000, 0x0000000745800000| Complete 
|  27|0x0000000745a00000, 0x0000000745c00000, 0x0000000745c00000|100%|HS|  |TAMS 0x0000000745a00000, 0x0000000745a00000| Complete 
|  28|0x0000000745c00000, 0x0000000745e00000, 0x0000000745e00000|100%|HC|  |TAMS 0x0000000745c00000, 0x0000000745c00000| Complete 
|  29|0x0000000745e00000, 0x0000000746000000, 0x0000000746000000|100%|HS|  |TAMS 0x0000000745e00000, 0x0000000745e00000| Complete 
|  30|0x0000000746000000, 0x0000000746200000, 0x0000000746200000|100%|HC|  |TAMS 0x0000000746000000, 0x0000000746000000| Complete 
|  31|0x0000000746200000, 0x0000000746400000, 0x0000000746400000|100%|HS|  |TAMS 0x0000000746200000, 0x0000000746200000| Complete 
|  32|0x0000000746400000, 0x0000000746600000, 0x0000000746600000|100%|HC|  |TAMS 0x0000000746400000, 0x0000000746400000| Complete 
|  33|0x0000000746600000, 0x0000000746800000, 0x0000000746800000|100%|HC|  |TAMS 0x0000000746600000, 0x0000000746600000| Complete 
|  34|0x0000000746800000, 0x0000000746a00000, 0x0000000746a00000|100%|HS|  |TAMS 0x0000000746800000, 0x0000000746800000| Complete 
|  35|0x0000000746a00000, 0x0000000746c00000, 0x0000000746c00000|100%|HC|  |TAMS 0x0000000746a00000, 0x0000000746a00000| Complete 
|  36|0x0000000746c00000, 0x0000000746e00000, 0x0000000746e00000|100%|HC|  |TAMS 0x0000000746c00000, 0x0000000746c00000| Complete 
|  37|0x0000000746e00000, 0x0000000747000000, 0x0000000747000000|100%| O|  |TAMS 0x0000000746e00000, 0x0000000746e00000| Untracked 
|  38|0x0000000747000000, 0x0000000747176400, 0x0000000747200000| 73%| O|  |TAMS 0x0000000747000000, 0x0000000747000000| Untracked 
|  39|0x0000000747200000, 0x0000000747200000, 0x0000000747400000|  0%| F|  |TAMS 0x0000000747200000, 0x0000000747200000| Untracked 
|  40|0x0000000747400000, 0x0000000747400000, 0x0000000747600000|  0%| F|  |TAMS 0x0000000747400000, 0x0000000747400000| Untracked 
|  41|0x0000000747600000, 0x0000000747600000, 0x0000000747800000|  0%| F|  |TAMS 0x0000000747600000, 0x0000000747600000| Untracked 
|  42|0x0000000747800000, 0x0000000747800000, 0x0000000747a00000|  0%| F|  |TAMS 0x0000000747800000, 0x0000000747800000| Untracked 
|  43|0x0000000747a00000, 0x0000000747a00000, 0x0000000747c00000|  0%| F|  |TAMS 0x0000000747a00000, 0x0000000747a00000| Untracked 
|  44|0x0000000747c00000, 0x0000000747c00000, 0x0000000747e00000|  0%| F|  |TAMS 0x0000000747c00000, 0x0000000747c00000| Untracked 
|  45|0x0000000747e00000, 0x0000000747e00000, 0x0000000748000000|  0%| F|  |TAMS 0x0000000747e00000, 0x0000000747e00000| Untracked 
|  46|0x0000000748000000, 0x0000000748000000, 0x0000000748200000|  0%| F|  |TAMS 0x0000000748000000, 0x0000000748000000| Untracked 
|  47|0x0000000748200000, 0x0000000748200000, 0x0000000748400000|  0%| F|  |TAMS 0x0000000748200000, 0x0000000748200000| Untracked 
|  48|0x0000000748400000, 0x0000000748400000, 0x0000000748600000|  0%| F|  |TAMS 0x0000000748400000, 0x0000000748400000| Untracked 
|  49|0x0000000748600000, 0x0000000748600000, 0x0000000748800000|  0%| F|  |TAMS 0x0000000748600000, 0x0000000748600000| Untracked 
|  50|0x0000000748800000, 0x0000000748800000, 0x0000000748a00000|  0%| F|  |TAMS 0x0000000748800000, 0x0000000748800000| Untracked 
|  51|0x0000000748a00000, 0x0000000748a00000, 0x0000000748c00000|  0%| F|  |TAMS 0x0000000748a00000, 0x0000000748a00000| Untracked 
|  52|0x0000000748c00000, 0x0000000748c00000, 0x0000000748e00000|  0%| F|  |TAMS 0x0000000748c00000, 0x0000000748c00000| Untracked 
|  53|0x0000000748e00000, 0x0000000748e00000, 0x0000000749000000|  0%| F|  |TAMS 0x0000000748e00000, 0x0000000748e00000| Untracked 
|  54|0x0000000749000000, 0x0000000749000000, 0x0000000749200000|  0%| F|  |TAMS 0x0000000749000000, 0x0000000749000000| Untracked 
|  55|0x0000000749200000, 0x0000000749200000, 0x0000000749400000|  0%| F|  |TAMS 0x0000000749200000, 0x0000000749200000| Untracked 
|  56|0x0000000749400000, 0x0000000749400000, 0x0000000749600000|  0%| F|  |TAMS 0x0000000749400000, 0x0000000749400000| Untracked 
|  57|0x0000000749600000, 0x0000000749600000, 0x0000000749800000|  0%| F|  |TAMS 0x0000000749600000, 0x0000000749600000| Untracked 
|  58|0x0000000749800000, 0x0000000749800000, 0x0000000749a00000|  0%| F|  |TAMS 0x0000000749800000, 0x0000000749800000| Untracked 
|  59|0x0000000749a00000, 0x0000000749a00000, 0x0000000749c00000|  0%| F|  |TAMS 0x0000000749a00000, 0x0000000749a00000| Untracked 
|  60|0x0000000749c00000, 0x0000000749c00000, 0x0000000749e00000|  0%| F|  |TAMS 0x0000000749c00000, 0x0000000749c00000| Untracked 
|  61|0x0000000749e00000, 0x0000000749e00000, 0x000000074a000000|  0%| F|  |TAMS 0x0000000749e00000, 0x0000000749e00000| Untracked 
|  62|0x000000074a000000, 0x000000074a000000, 0x000000074a200000|  0%| F|  |TAMS 0x000000074a000000, 0x000000074a000000| Untracked 
|  63|0x000000074a200000, 0x000000074a200000, 0x000000074a400000|  0%| F|  |TAMS 0x000000074a200000, 0x000000074a200000| Untracked 
|  64|0x000000074a400000, 0x000000074a400000, 0x000000074a600000|  0%| F|  |TAMS 0x000000074a400000, 0x000000074a400000| Untracked 
|  65|0x000000074a600000, 0x000000074a600000, 0x000000074a800000|  0%| F|  |TAMS 0x000000074a600000, 0x000000074a600000| Untracked 
|  66|0x000000074a800000, 0x000000074a800000, 0x000000074aa00000|  0%| F|  |TAMS 0x000000074a800000, 0x000000074a800000| Untracked 
|  67|0x000000074aa00000, 0x000000074aa00000, 0x000000074ac00000|  0%| F|  |TAMS 0x000000074aa00000, 0x000000074aa00000| Untracked 
|  68|0x000000074ac00000, 0x000000074ac00000, 0x000000074ae00000|  0%| F|  |TAMS 0x000000074ac00000, 0x000000074ac00000| Untracked 
|  69|0x000000074ae00000, 0x000000074ae00000, 0x000000074b000000|  0%| F|  |TAMS 0x000000074ae00000, 0x000000074ae00000| Untracked 
|  70|0x000000074b000000, 0x000000074b000000, 0x000000074b200000|  0%| F|  |TAMS 0x000000074b000000, 0x000000074b000000| Untracked 
|  71|0x000000074b200000, 0x000000074b3b7ad0, 0x000000074b400000| 85%| E|  |TAMS 0x000000074b200000, 0x000000074b200000| Complete 
|  72|0x000000074b400000, 0x000000074b600000, 0x000000074b600000|100%| E|CS|TAMS 0x000000074b400000, 0x000000074b400000| Complete 
|  73|0x000000074b600000, 0x000000074b800000, 0x000000074b800000|100%| E|CS|TAMS 0x000000074b600000, 0x000000074b600000| Complete 
|  74|0x000000074b800000, 0x000000074ba00000, 0x000000074ba00000|100%| E|CS|TAMS 0x000000074b800000, 0x000000074b800000| Complete 
|  75|0x000000074ba00000, 0x000000074bc00000, 0x000000074bc00000|100%| E|CS|TAMS 0x000000074ba00000, 0x000000074ba00000| Complete 
|  76|0x000000074bc00000, 0x000000074bd344d0, 0x000000074be00000| 60%| S|CS|TAMS 0x000000074bc00000, 0x000000074bc00000| Complete 
|  77|0x000000074be00000, 0x000000074c000000, 0x000000074c000000|100%| E|CS|TAMS 0x000000074be00000, 0x000000074be00000| Complete 
|  78|0x000000074c000000, 0x000000074c200000, 0x000000074c200000|100%| E|CS|TAMS 0x000000074c000000, 0x000000074c000000| Complete 
|  79|0x000000074c200000, 0x000000074c400000, 0x000000074c400000|100%| E|CS|TAMS 0x000000074c200000, 0x000000074c200000| Complete 
|  80|0x000000074c400000, 0x000000074c600000, 0x000000074c600000|100%| E|CS|TAMS 0x000000074c400000, 0x000000074c400000| Complete 
|  81|0x000000074c600000, 0x000000074c800000, 0x000000074c800000|100%| E|CS|TAMS 0x000000074c600000, 0x000000074c600000| Complete 
|  82|0x000000074c800000, 0x000000074ca00000, 0x000000074ca00000|100%| E|CS|TAMS 0x000000074c800000, 0x000000074c800000| Complete 
|  83|0x000000074ca00000, 0x000000074cc00000, 0x000000074cc00000|100%| E|CS|TAMS 0x000000074ca00000, 0x000000074ca00000| Complete 
|  84|0x000000074cc00000, 0x000000074ce00000, 0x000000074ce00000|100%| E|CS|TAMS 0x000000074cc00000, 0x000000074cc00000| Complete 
|  85|0x000000074ce00000, 0x000000074d000000, 0x000000074d000000|100%| E|CS|TAMS 0x000000074ce00000, 0x000000074ce00000| Complete 
|  86|0x000000074d000000, 0x000000074d200000, 0x000000074d200000|100%| E|CS|TAMS 0x000000074d000000, 0x000000074d000000| Complete 
|  87|0x000000074d200000, 0x000000074d400000, 0x000000074d400000|100%| E|CS|TAMS 0x000000074d200000, 0x000000074d200000| Complete 
|  88|0x000000074d400000, 0x000000074d600000, 0x000000074d600000|100%| E|CS|TAMS 0x000000074d400000, 0x000000074d400000| Complete 
|  89|0x000000074d600000, 0x000000074d800000, 0x000000074d800000|100%| E|CS|TAMS 0x000000074d600000, 0x000000074d600000| Complete 
|  90|0x000000074d800000, 0x000000074da00000, 0x000000074da00000|100%| E|CS|TAMS 0x000000074d800000, 0x000000074d800000| Complete 
|  91|0x000000074da00000, 0x000000074dc00000, 0x000000074dc00000|100%| E|CS|TAMS 0x000000074da00000, 0x000000074da00000| Complete 
|  92|0x000000074dc00000, 0x000000074de00000, 0x000000074de00000|100%| E|CS|TAMS 0x000000074dc00000, 0x000000074dc00000| Complete 
|  93|0x000000074de00000, 0x000000074e000000, 0x000000074e000000|100%| E|CS|TAMS 0x000000074de00000, 0x000000074de00000| Complete 
|  94|0x000000074e000000, 0x000000074e200000, 0x000000074e200000|100%| E|CS|TAMS 0x000000074e000000, 0x000000074e000000| Complete 

Card table byte_map: [0x00000203f4280000,0x00000203f4870000] _byte_map_base: 0x00000203f086e000

Marking Bits (Prev, Next): (CMBitMap*) 0x00000203ee3c2000, (CMBitMap*) 0x00000203ee3c2040
 Prev Bits: [0x00000203f4e60000, 0x00000203f7dd0000)
 Next Bits: [0x00000203f7dd0000, 0x00000203fad40000)

Polling page: 0x00000203ee460000

Metaspace:

Usage:
  Non-class:     15.15 MB used.
      Class:      1.66 MB used.
       Both:     16.81 MB used.

Virtual space:
  Non-class space:       16.00 MB reserved,      15.25 MB ( 95%) committed,  2 nodes.
      Class space:        1.00 GB reserved,       1.75 MB ( <1%) committed,  1 nodes.
             Both:        1.02 GB reserved,      17.00 MB (  2%) committed. 

Chunk freelists:
   Non-Class:  503.00 KB
       Class:  2.24 MB
        Both:  2.73 MB

MaxMetaspaceSize: unlimited
CompressedClassSpaceSize: 1.00 GB
Initial GC threshold: 21.00 MB
Current GC threshold: 21.00 MB
CDS: off
MetaspaceReclaimPolicy: balanced
 - commit_granule_bytes: 65536.
 - commit_granule_words: 8192.
 - virtual_space_node_default_size: 1048576.
 - enlarge_chunks_in_place: 1.
 - new_chunks_are_fully_committed: 0.
 - uncommit_free_chunks: 1.
 - use_allocation_guard: 0.
 - handle_deallocations: 1.


Internal statistics:

num_allocs_failed_limit: 0.
num_arena_births: 108.
num_arena_deaths: 0.
num_vsnodes_births: 3.
num_vsnodes_deaths: 0.
num_space_committed: 272.
num_space_uncommitted: 0.
num_chunks_returned_to_freelist: 0.
num_chunks_taken_from_freelist: 172.
num_chunk_merges: 0.
num_chunk_splits: 93.
num_chunks_enlarged: 39.
num_purges: 0.
num_inconsistent_stats: 0.

CodeHeap 'non-profiled nmethods': size=120000Kb used=1234Kb max_used=1234Kb free=118766Kb
 bounds [0x0000020387ad0000, 0x0000020387d40000, 0x000002038f000000]
CodeHeap 'profiled nmethods': size=120000Kb used=4481Kb max_used=4481Kb free=115518Kb
 bounds [0x00000203805a0000, 0x0000020380a10000, 0x0000020387ad0000]
CodeHeap 'non-nmethods': size=5760Kb used=1299Kb max_used=1367Kb free=4461Kb
 bounds [0x0000020380000000, 0x0000020380270000, 0x00000203805a0000]
 total_blobs=2899 nmethods=2266 adapters=544
 compilation: enabled
              stopped_count=0, restarted_count=0
 full_count=0

Compilation events (20 events):
Event: 22.564 Thread 0x00000203fe448860 2256       4       java.util.Arrays::deepHashCode (109 bytes)
Event: 22.573 Thread 0x00000203fe448860 nmethod 2256 0x0000020387c02490 code [0x0000020387c02640, 0x0000020387c02a68]
Event: 22.573 Thread 0x00000203fe448860 2257       4       javax.swing.plaf.nimbus.ImageScalingHelper::drawChunk (182 bytes)
Event: 22.575 Thread 0x00000203fe448860 nmethod 2257 0x0000020387c02d10 code [0x0000020387c02ea0, 0x0000020387c03208]
Event: 23.078 Thread 0x00000203fe448860 2258       4       sun.java2d.SunGraphics2D::setComposite (224 bytes)
Event: 23.101 Thread 0x00000203fe448860 nmethod 2258 0x0000020387c03690 code [0x0000020387c03880, 0x0000020387c04418]
Event: 3608.503 Thread 0x00000203fe449510 2259   !   3       jdk.internal.ref.PhantomCleanable::isListEmpty (34 bytes)
Event: 3608.504 Thread 0x00000203fe449510 nmethod 2259 0x00000203809fc710 code [0x00000203809fc8a0, 0x00000203809fcaf8]
Event: 3608.505 Thread 0x00000203fe449510 2260       3       jdk.internal.misc.InnocuousThread::eraseThreadLocals (23 bytes)
Event: 3608.505 Thread 0x00000203fe449510 nmethod 2260 0x00000203809fcc10 code [0x00000203809fcda0, 0x00000203809fcf98]
Event: 8190.185 Thread 0x00000203fe449510 2261       3       java.util.WeakHashMap$HashIterator::hasNext (95 bytes)
Event: 8190.186 Thread 0x00000203fe449510 nmethod 2261 0x00000203809fd010 code [0x00000203809fd1e0, 0x00000203809fd7b8]
Event: 8190.187 Thread 0x00000203fe449510 2262       3       java.util.WeakHashMap$KeyIterator::next (8 bytes)
Event: 8190.187 Thread 0x00000203fe449510 nmethod 2262 0x00000203809fd990 code [0x00000203809fdb40, 0x00000203809fdee8]
Event: 8190.187 Thread 0x00000203fe449510 2263       3       java.util.WeakHashMap$HashIterator::nextEntry (81 bytes)
Event: 8190.187 Thread 0x00000203fe449510 nmethod 2263 0x00000203809fe010 code [0x00000203809fe200, 0x00000203809fe6e8]
Event: 8190.285 Thread 0x00000203fe449510 2264       3       java.util.AbstractCollection::addAll (42 bytes)
Event: 8190.286 Thread 0x00000203fe449510 nmethod 2264 0x00000203809fe890 code [0x00000203809fea80, 0x00000203809fefb8]
Event: 8190.299 Thread 0x00000203fe448860 2265       4       sun.util.logging.PlatformLogger::isLoggable (23 bytes)
Event: 8190.299 Thread 0x00000203fe449510 2266       3       sun.awt.image.VolatileSurfaceManager::displayChanged (102 bytes)

GC Heap History (4 events):
Event: 8.092 GC heap before
{Heap before GC invocations=0 (full 0):
 garbage-first heap   total 194560K, used 20480K [0x0000000742400000, 0x0000000800000000)
  region size 2048K, 11 young (22528K), 0 survivors (0K)
 Metaspace       used 16759K, committed 16960K, reserved 1064960K
  class space    used 1684K, committed 1792K, reserved 1048576K
}
Event: 8.095 GC heap after
{Heap after GC invocations=1 (full 0):
 garbage-first heap   total 194560K, used 3605K [0x0000000742400000, 0x0000000800000000)
  region size 2048K, 2 young (4096K), 2 survivors (4096K)
 Metaspace       used 16759K, committed 16960K, reserved 1064960K
  class space    used 1684K, committed 1792K, reserved 1048576K
}
Event: 11.794 GC heap before
{Heap before GC invocations=1 (full 0):
 garbage-first heap   total 194560K, used 110101K [0x0000000742400000, 0x0000000800000000)
  region size 2048K, 18 young (36864K), 2 survivors (4096K)
 Metaspace       used 17043K, committed 17280K, reserved 1064960K
  class space    used 1690K, committed 1792K, reserved 1048576K
}
Event: 11.797 GC heap after
{Heap after GC invocations=2 (full 0):
 garbage-first heap   total 194560K, used 80554K [0x0000000742400000, 0x0000000800000000)
  region size 2048K, 1 young (2048K), 1 survivors (2048K)
 Metaspace       used 17043K, committed 17280K, reserved 1064960K
  class space    used 1690K, committed 1792K, reserved 1048576K
}

Deoptimization events (20 events):
Event: 9.220 Thread 0x00000203fe7dec50 DEOPT PACKING pc=0x0000020387b9ba04 sp=0x0000005e431fcb50
Event: 9.220 Thread 0x00000203fe7dec50 DEOPT UNPACKING pc=0x00000203800523a3 sp=0x0000005e431fcb20 mode 2
Event: 11.959 Thread 0x00000203fe7dec50 DEOPT PACKING pc=0x000002038083bc6a sp=0x0000005e431fd570
Event: 11.959 Thread 0x00000203fe7dec50 DEOPT UNPACKING pc=0x0000020380052b43 sp=0x0000005e431fca20 mode 0
Event: 21.491 Thread 0x00000203fe7dec50 Uncommon trap: trap_request=0xffffff45 fr.pc=0x0000020387bfb880 relative=0x0000000000000e20
Event: 21.491 Thread 0x00000203fe7dec50 Uncommon trap: reason=unstable_if action=reinterpret pc=0x0000020387bfb880 method=java.awt.Container$MouseEventTargetFilter.accept(Ljava/awt/Component;)Z @ 10 c2
Event: 21.491 Thread 0x00000203fe7dec50 DEOPT PACKING pc=0x0000020387bfb880 sp=0x0000005e431febd0
Event: 21.491 Thread 0x00000203fe7dec50 DEOPT UNPACKING pc=0x00000203800523a3 sp=0x0000005e431fe910 mode 2
Event: 25.232 Thread 0x00000203fe7dec50 Uncommon trap: trap_request=0xffffff45 fr.pc=0x0000020387bc3bac relative=0x0000000000003d6c
Event: 25.232 Thread 0x00000203fe7dec50 Uncommon trap: reason=unstable_if action=reinterpret pc=0x0000020387bc3bac method=java.awt.EventQueue.getPriority(Ljava/awt/AWTEvent;)I @ 22 c2
Event: 25.232 Thread 0x00000203fe7dec50 DEOPT PACKING pc=0x0000020387bc3bac sp=0x0000005e431ff250
Event: 25.232 Thread 0x00000203fe7dec50 DEOPT UNPACKING pc=0x00000203800523a3 sp=0x0000005e431ff118 mode 2
Event: 25.232 Thread 0x00000203fe7dec50 Uncommon trap: trap_request=0xffffff45 fr.pc=0x0000020387becb34 relative=0x0000000000000214
Event: 25.232 Thread 0x00000203fe7dec50 Uncommon trap: reason=unstable_if action=reinterpret pc=0x0000020387becb34 method=java.awt.KeyboardFocusManager.getFocusOwner()Ljava/awt/Component; @ 8 c2
Event: 25.232 Thread 0x00000203fe7dec50 DEOPT PACKING pc=0x0000020387becb34 sp=0x0000005e431fe630
Event: 25.232 Thread 0x00000203fe7dec50 DEOPT UNPACKING pc=0x00000203800523a3 sp=0x0000005e431fe5c8 mode 2
Event: 25.234 Thread 0x00000203fe7dec50 Uncommon trap: trap_request=0xffffff45 fr.pc=0x0000020387bf4dbc relative=0x00000000000030bc
Event: 25.234 Thread 0x00000203fe7dec50 Uncommon trap: reason=unstable_if action=reinterpret pc=0x0000020387bf4dbc method=javax.swing.RepaintManager.addDirtyRegion0(Ljava/awt/Container;IIII)V @ 61 c2
Event: 25.234 Thread 0x00000203fe7dec50 DEOPT PACKING pc=0x0000020387bf4dbc sp=0x0000005e431fe350
Event: 25.234 Thread 0x00000203fe7dec50 DEOPT UNPACKING pc=0x00000203800523a3 sp=0x0000005e431fe348 mode 2

Classes unloaded (0 events):
No events

Classes redefined (0 events):
No events

Internal exceptions (20 events):
Event: 0.248 Thread 0x00000203ee37c810 Exception <a 'java/lang/ClassNotFoundException'{0x000000074dc8dbc8}: ToggleButton> (0x000000074dc8dbc8) 
thrown [e:\jenkins\tmp\workspace\build\src\src\hotspot\share\classfile\systemDictionary.cpp, line 256]
Event: 0.248 Thread 0x00000203ee37c810 Exception <a 'java/lang/ClassNotFoundException'{0x000000074dc8e008}: javax/swing/JToolBarSeparator> (0x000000074dc8e008) 
thrown [e:\jenkins\tmp\workspace\build\src\src\hotspot\share\classfile\systemDictionary.cpp, line 256]
Event: 0.248 Thread 0x00000203ee37c810 Exception <a 'java/lang/ClassNotFoundException'{0x000000074dc8e310}: ToolBarSeparator> (0x000000074dc8e310) 
thrown [e:\jenkins\tmp\workspace\build\src\src\hotspot\share\classfile\systemDictionary.cpp, line 256]
Event: 0.248 Thread 0x00000203ee37c810 Exception <a 'java/lang/ClassNotFoundException'{0x000000074dc8e828}: ToolTip> (0x000000074dc8e828) 
thrown [e:\jenkins\tmp\workspace\build\src\src\hotspot\share\classfile\systemDictionary.cpp, line 256]
Event: 0.249 Thread 0x00000203ee37c810 Exception <a 'java/lang/ClassNotFoundException'{0x000000074dc8f178}: Tree> (0x000000074dc8f178) 
thrown [e:\jenkins\tmp\workspace\build\src\src\hotspot\share\classfile\systemDictionary.cpp, line 256]
Event: 0.249 Thread 0x00000203ee37c810 Exception <a 'java/lang/ClassNotFoundException'{0x000000074dc8f670}: Tree> (0x000000074dc8f670) 
thrown [e:\jenkins\tmp\workspace\build\src\src\hotspot\share\classfile\systemDictionary.cpp, line 256]
Event: 0.249 Thread 0x00000203ee37c810 Exception <a 'java/lang/ClassNotFoundException'{0x000000074dc8f9e0}: javax/swing/JTreeCell> (0x000000074dc8f9e0) 
thrown [e:\jenkins\tmp\workspace\build\src\src\hotspot\share\classfile\systemDictionary.cpp, line 256]
Event: 0.249 Thread 0x00000203ee37c810 Exception <a 'java/lang/ClassNotFoundException'{0x000000074dc8fce0}: TreeCell> (0x000000074dc8fce0) 
thrown [e:\jenkins\tmp\workspace\build\src\src\hotspot\share\classfile\systemDictionary.cpp, line 256]
Event: 0.249 Thread 0x00000203ee37c810 Exception <a 'java/lang/ClassNotFoundException'{0x000000074dc904a0}: RootPane> (0x000000074dc904a0) 
thrown [e:\jenkins\tmp\workspace\build\src\src\hotspot\share\classfile\systemDictionary.cpp, line 256]
Event: 0.250 Thread 0x00000203ee37c810 Exception <a 'java/lang/ClassNotFoundException'{0x000000074dc932f0}: com/sun/swing/internal/plaf/metal/resources/spi/metalProvider> (0x000000074dc932f0) 
thrown [e:\jenkins\tmp\workspace\build\src\src\hotspot\share\classfile\systemDictionary.cpp, line 256]
Event: 0.251 Thread 0x00000203ee37c810 Exception <a 'java/lang/ClassNotFoundException'{0x000000074dc96ef0}: com/sun/swing/internal/plaf/basic/resources/spi/basicProvider> (0x000000074dc96ef0) 
thrown [e:\jenkins\tmp\workspace\build\src\src\hotspot\share\classfile\systemDictionary.cpp, line 256]
Event: 0.268 Thread 0x00000203ee37c810 Exception <a 'java/lang/ClassNotFoundException'{0x000000074dcf80c0}: com/sun/swing/internal/plaf/synth/resources/spi/synthProvider> (0x000000074dcf80c0) 
thrown [e:\jenkins\tmp\workspace\build\src\src\hotspot\share\classfile\systemDictionary.cpp, line 256]
Event: 0.288 Thread 0x00000203fe7e12d0 Exception <a 'java/lang/NoSuchMethodError'{0x000000074def1c40}: 'void java.lang.invoke.DirectMethodHandle$Holder.invokeVirtual(java.lang.Object, java.lang.Object)'> (0x000000074def1c40) 
thrown [e:\jenkins\tmp\workspace\build\src\src\hotspot\share\interpreter\linkResolver.cpp, line 766]
Event: 0.298 Thread 0x00000203ee37c810 Exception <a 'java/lang/NoSuchMethodError'{0x000000074dddc820}: 'void java.lang.invoke.DirectMethodHandle$Holder.invokeStaticInit(java.lang.Object)'> (0x000000074dddc820) 
thrown [e:\jenkins\tmp\workspace\build\src\src\hotspot\share\interpreter\linkResolver.cpp, line 766]
Event: 4.760 Thread 0x00000203fe7dec50 Implicit null exception at 0x0000020387b1d723 to 0x0000020387b1dc7d
Event: 4.760 Thread 0x00000203fe7dec50 Implicit null exception at 0x0000020387b1b8c0 to 0x0000020387b1bfa9
Event: 4.760 Thread 0x00000203fe7dec50 Implicit null exception at 0x0000020387b1d723 to 0x0000020387b1dc7d
Event: 4.760 Thread 0x00000203fe7dec50 Implicit null exception at 0x0000020387b1b8c0 to 0x0000020387b1bfa9
Event: 4.760 Thread 0x00000203fe7dec50 Implicit null exception at 0x0000020387b1d723 to 0x0000020387b1dc7d
Event: 25.232 Thread 0x00000203fe7dec50 Implicit null exception at 0x0000020387bec9b4 to 0x0000020387becb24

VM Operations (20 events):
Event: 10.110 Executing VM operation: Cleanup
Event: 10.110 Executing VM operation: Cleanup done
Event: 11.794 Executing VM operation: G1CollectForAllocation
Event: 11.797 Executing VM operation: G1CollectForAllocation done
Event: 12.807 Executing VM operation: Cleanup
Event: 12.807 Executing VM operation: Cleanup done
Event: 13.810 Executing VM operation: Cleanup
Event: 13.810 Executing VM operation: Cleanup done
Event: 16.840 Executing VM operation: Cleanup
Event: 16.841 Executing VM operation: Cleanup done
Event: 19.857 Executing VM operation: Cleanup
Event: 19.857 Executing VM operation: Cleanup done
Event: 20.872 Executing VM operation: Cleanup
Event: 20.872 Executing VM operation: Cleanup done
Event: 21.877 Executing VM operation: Cleanup
Event: 21.877 Executing VM operation: Cleanup done
Event: 25.907 Executing VM operation: Cleanup
Event: 25.908 Executing VM operation: Cleanup done
Event: 8190.227 Executing VM operation: Cleanup
Event: 8190.231 Executing VM operation: Cleanup done

Events (20 events):
Event: 9.354 loading class java/awt/Canvas
Event: 9.354 loading class java/awt/Canvas done
Event: 9.354 loading class java/awt/Scrollbar
Event: 9.354 loading class java/awt/Scrollbar done
Event: 11.720 Thread 0x0000020390156bb0 Thread added: 0x0000020390156bb0
Event: 12.280 Thread 0x0000020390156bb0 Thread exited: 0x0000020390156bb0
Event: 21.598 loading class java/security/DomainCombiner
Event: 21.598 loading class java/security/DomainCombiner done
Event: 25.225 loading class sun/awt/SunToolkit$1
Event: 25.225 loading class sun/awt/SunToolkit$1 done
Event: 6099.175 loading class java/awt/desktop/SystemSleepListener
Event: 6099.179 loading class java/awt/desktop/SystemEventListener
Event: 6099.182 loading class java/awt/desktop/SystemEventListener done
Event: 6099.182 loading class java/awt/desktop/SystemSleepListener done
Event: 8190.096 loading class java/util/WeakHashMap$KeyIterator
Event: 8190.102 loading class java/util/WeakHashMap$HashIterator
Event: 8190.108 loading class java/util/WeakHashMap$HashIterator done
Event: 8190.108 loading class java/util/WeakHashMap$KeyIterator done
Event: 8190.307 loading class javax/swing/RepaintManager$DisplayChangedRunnable
Event: 8190.308 loading class javax/swing/RepaintManager$DisplayChangedRunnable done


Dynamic libraries:
0x00007ff66a480000 - 0x00007ff66a48e000 	C:\Users\roe_l\.p2\pool\plugins\org.eclipse.justj.openjdk.hotspot.jre.full.win32.x86_64_17.0.0.v20211012-1059\jre\bin\javaw.exe
0x00007ff8e6170000 - 0x00007ff8e6365000 	C:\WINDOWS\SYSTEM32\ntdll.dll
0x00007ff8e5110000 - 0x00007ff8e51ce000 	C:\WINDOWS\System32\KERNEL32.DLL
0x00007ff8e3e50000 - 0x00007ff8e4118000 	C:\WINDOWS\System32\KERNELBASE.dll
0x00007ff8e3a00000 - 0x00007ff8e3b00000 	C:\WINDOWS\System32\ucrtbase.dll
0x00007ff8dbf10000 - 0x00007ff8dbf29000 	C:\Users\roe_l\.p2\pool\plugins\org.eclipse.justj.openjdk.hotspot.jre.full.win32.x86_64_17.0.0.v20211012-1059\jre\bin\VCRUNTIME140.dll
0x00007ff8dbef0000 - 0x00007ff8dbf08000 	C:\Users\roe_l\.p2\pool\plugins\org.eclipse.justj.openjdk.hotspot.jre.full.win32.x86_64_17.0.0.v20211012-1059\jre\bin\jli.dll
0x00007ff8e45b0000 - 0x00007ff8e4751000 	C:\WINDOWS\System32\USER32.dll
0x00007ff8e3b00000 - 0x00007ff8e3b22000 	C:\WINDOWS\System32\win32u.dll
0x00007ff8e4760000 - 0x00007ff8e478b000 	C:\WINDOWS\System32\GDI32.dll
0x00007ff8cb910000 - 0x00007ff8cbbaa000 	C:\WINDOWS\WinSxS\amd64_microsoft.windows.common-controls_6595b64144ccf1df_6.0.19041.1110_none_60b5254171f9507e\COMCTL32.dll
0x00007ff8e3b30000 - 0x00007ff8e3c3d000 	C:\WINDOWS\System32\gdi32full.dll
0x00007ff8e48a0000 - 0x00007ff8e493e000 	C:\WINDOWS\System32\msvcrt.dll
0x00007ff8e3960000 - 0x00007ff8e39fd000 	C:\WINDOWS\System32\msvcp_win.dll
0x00007ff8e42e0000 - 0x00007ff8e4310000 	C:\WINDOWS\System32\IMM32.DLL
0x00007ff8da680000 - 0x00007ff8da68c000 	C:\Users\roe_l\.p2\pool\plugins\org.eclipse.justj.openjdk.hotspot.jre.full.win32.x86_64_17.0.0.v20211012-1059\jre\bin\vcruntime140_1.dll
0x00007ff893a70000 - 0x00007ff893b01000 	C:\Users\roe_l\.p2\pool\plugins\org.eclipse.justj.openjdk.hotspot.jre.full.win32.x86_64_17.0.0.v20211012-1059\jre\bin\msvcp140.dll
0x00007ff86ecd0000 - 0x00007ff86f916000 	C:\Users\roe_l\.p2\pool\plugins\org.eclipse.justj.openjdk.hotspot.jre.full.win32.x86_64_17.0.0.v20211012-1059\jre\bin\server\jvm.dll
0x00007ff8e6080000 - 0x00007ff8e612e000 	C:\WINDOWS\System32\ADVAPI32.dll
0x00007ff8e5920000 - 0x00007ff8e59bc000 	C:\WINDOWS\System32\sechost.dll
0x00007ff8e41b0000 - 0x00007ff8e42d5000 	C:\WINDOWS\System32\RPCRT4.dll
0x00007ff8e4c60000 - 0x00007ff8e4c68000 	C:\WINDOWS\System32\PSAPI.DLL
0x00007ff8d97c0000 - 0x00007ff8d97ca000 	C:\WINDOWS\SYSTEM32\VERSION.dll
0x00007ff8dbfb0000 - 0x00007ff8dbfb9000 	C:\WINDOWS\SYSTEM32\WSOCK32.dll
0x00007ff8c7280000 - 0x00007ff8c72a7000 	C:\WINDOWS\SYSTEM32\WINMM.dll
0x00007ff8e4b20000 - 0x00007ff8e4b8b000 	C:\WINDOWS\System32\WS2_32.dll
0x00007ff8e2100000 - 0x00007ff8e2112000 	C:\WINDOWS\SYSTEM32\kernel.appcore.dll
0x00007ff8da670000 - 0x00007ff8da67a000 	C:\Users\roe_l\.p2\pool\plugins\org.eclipse.justj.openjdk.hotspot.jre.full.win32.x86_64_17.0.0.v20211012-1059\jre\bin\jimage.dll
0x00007ff8e1670000 - 0x00007ff8e1854000 	C:\WINDOWS\SYSTEM32\DBGHELP.DLL
0x00007ff8c35c0000 - 0x00007ff8c35ec000 	C:\WINDOWS\SYSTEM32\dbgcore.DLL
0x00007ff8e4120000 - 0x00007ff8e41a2000 	C:\WINDOWS\System32\bcryptPrimitives.dll
0x00007ff8a6520000 - 0x00007ff8a6545000 	C:\Users\roe_l\.p2\pool\plugins\org.eclipse.justj.openjdk.hotspot.jre.full.win32.x86_64_17.0.0.v20211012-1059\jre\bin\java.dll
0x00007ff8a51a0000 - 0x00007ff8a51b8000 	C:\Users\roe_l\.p2\pool\plugins\org.eclipse.justj.openjdk.hotspot.jre.full.win32.x86_64_17.0.0.v20211012-1059\jre\bin\zip.dll
0x00007ff8e51d0000 - 0x00007ff8e5914000 	C:\WINDOWS\System32\SHELL32.dll
0x00007ff8e1950000 - 0x00007ff8e20e5000 	C:\WINDOWS\SYSTEM32\windows.storage.dll
0x00007ff8e4c80000 - 0x00007ff8e4fd5000 	C:\WINDOWS\System32\combase.dll
0x00007ff8e32d0000 - 0x00007ff8e32fe000 	C:\WINDOWS\SYSTEM32\Wldp.dll
0x00007ff8e59c0000 - 0x00007ff8e5a6d000 	C:\WINDOWS\System32\SHCORE.dll
0x00007ff8e4ac0000 - 0x00007ff8e4b15000 	C:\WINDOWS\System32\shlwapi.dll
0x00007ff8e37c0000 - 0x00007ff8e37df000 	C:\WINDOWS\SYSTEM32\profapi.dll
0x00007ff8888b0000 - 0x00007ff888a3e000 	C:\Users\roe_l\.p2\pool\plugins\org.eclipse.justj.openjdk.hotspot.jre.full.win32.x86_64_17.0.0.v20211012-1059\jre\bin\awt.dll
0x00007ff8e4b90000 - 0x00007ff8e4c5d000 	C:\WINDOWS\System32\OLEAUT32.dll
0x00007ff8dd9a0000 - 0x00007ff8dda30000 	C:\WINDOWS\SYSTEM32\apphelp.dll
0x00007ff8a5080000 - 0x00007ff8a5099000 	C:\Users\roe_l\.p2\pool\plugins\org.eclipse.justj.openjdk.hotspot.jre.full.win32.x86_64_17.0.0.v20211012-1059\jre\bin\net.dll
0x00007ff8d9c40000 - 0x00007ff8d9d4c000 	C:\WINDOWS\SYSTEM32\WINHTTP.dll
0x00007ff8e3030000 - 0x00007ff8e309a000 	C:\WINDOWS\system32\mswsock.dll
0x00007ff8a2d70000 - 0x00007ff8a2d85000 	C:\Users\roe_l\.p2\pool\plugins\org.eclipse.justj.openjdk.hotspot.jre.full.win32.x86_64_17.0.0.v20211012-1059\jre\bin\nio.dll
0x00007ff8ddae0000 - 0x00007ff8ddb7e000 	C:\WINDOWS\system32\uxtheme.dll
0x00007ff8e4940000 - 0x00007ff8e4a55000 	C:\WINDOWS\System32\MSCTF.dll
0x00007ff8e4fe0000 - 0x00007ff8e510a000 	C:\WINDOWS\System32\ole32.dll
0x00007ff8e10e0000 - 0x00007ff8e110f000 	C:\WINDOWS\system32\DWMAPI.DLL
0x00007ff893330000 - 0x00007ff8933b9000 	C:\Users\roe_l\.p2\pool\plugins\org.eclipse.justj.openjdk.hotspot.jre.full.win32.x86_64_17.0.0.v20211012-1059\jre\bin\freetype.dll
0x00007ff892f00000 - 0x00007ff892fa8000 	C:\Users\roe_l\.p2\pool\plugins\org.eclipse.justj.openjdk.hotspot.jre.full.win32.x86_64_17.0.0.v20211012-1059\jre\bin\fontmanager.dll
0x00007ff8a9b70000 - 0x00007ff8a9c95000 	C:\WINDOWS\system32\opengl32.dll
0x00007ff8acdb0000 - 0x00007ff8acddc000 	C:\WINDOWS\SYSTEM32\GLU32.dll
0x00007ff8d4890000 - 0x00007ff8d4989000 	C:\WINDOWS\SYSTEM32\textinputframework.dll
0x00007ff8dd400000 - 0x00007ff8dd75e000 	C:\WINDOWS\System32\CoreUIComponents.dll
0x00007ff8dd760000 - 0x00007ff8dd852000 	C:\WINDOWS\System32\CoreMessaging.dll
0x00007ff8e2570000 - 0x00007ff8e25a3000 	C:\WINDOWS\SYSTEM32\ntmarta.dll
0x00007ff8dc0a0000 - 0x00007ff8dc1f4000 	C:\WINDOWS\SYSTEM32\wintypes.dll
0x00007ff8e5ef0000 - 0x00007ff8e5f99000 	C:\WINDOWS\System32\clbcatq.dll
0x00007ff8d77d0000 - 0x00007ff8d7984000 	C:\WINDOWS\SYSTEM32\WindowsCodecs.dll
0x00007ff8e3880000 - 0x00007ff8e38a7000 	C:\WINDOWS\System32\bcrypt.dll
0x00007ff8a8130000 - 0x00007ff8a816e000 	C:\WINDOWS\system32\dataexchange.dll
0x00007ff8dcc20000 - 0x00007ff8dce84000 	C:\WINDOWS\system32\d3d11.dll
0x00007ff8dce90000 - 0x00007ff8dd075000 	C:\WINDOWS\system32\dcomp.dll
0x00007ff8e2170000 - 0x00007ff8e2264000 	C:\WINDOWS\system32\dxgi.dll
0x00007ff8d74f0000 - 0x00007ff8d76f1000 	C:\WINDOWS\system32\twinapi.appcore.dll

dbghelp: loaded successfully - version: 4.0.5 - missing functions: none
symbol engine: initialized successfully - sym options: 0x614 - pdb path: .;C:\Users\roe_l\.p2\pool\plugins\org.eclipse.justj.openjdk.hotspot.jre.full.win32.x86_64_17.0.0.v20211012-1059\jre\bin;C:\WINDOWS\SYSTEM32;C:\WINDOWS\WinSxS\amd64_microsoft.windows.common-controls_6595b64144ccf1df_6.0.19041.1110_none_60b5254171f9507e;C:\Users\roe_l\.p2\pool\plugins\org.eclipse.justj.openjdk.hotspot.jre.full.win32.x86_64_17.0.0.v20211012-1059\jre\bin\server

VM Arguments:
jvm_args: -Dfile.encoding=Cp1255 -XX:+ShowCodeDetailsInExceptionMessages 
java_command: Controller.MainClass
java_class_path (initial): C:\projects\Java\Ex5_207480690_316404490\bin;C:\projects\Java\Ex5_207480690_316404490\jcalendar-1.4.jar
Launcher Type: SUN_STANDARD

[Global flags]
     intx CICompilerCount                          = 4                                         {product} {ergonomic}
     uint ConcGCThreads                            = 2                                         {product} {ergonomic}
     uint G1ConcRefinementThreads                  = 8                                         {product} {ergonomic}
   size_t G1HeapRegionSize                         = 2097152                                   {product} {ergonomic}
    uintx GCDrainStackTargetSize                   = 64                                        {product} {ergonomic}
   size_t InitialHeapSize                          = 199229440                                 {product} {ergonomic}
   size_t MarkStackSize                            = 4194304                                   {product} {ergonomic}
   size_t MaxHeapSize                              = 3183476736                                {product} {ergonomic}
   size_t MaxNewSize                               = 1908408320                                {product} {ergonomic}
   size_t MinHeapDeltaBytes                        = 2097152                                   {product} {ergonomic}
   size_t MinHeapSize                              = 8388608                                   {product} {ergonomic}
    uintx NonNMethodCodeHeapSize                   = 5839372                                {pd product} {ergonomic}
    uintx NonProfiledCodeHeapSize                  = 122909434                              {pd product} {ergonomic}
    uintx ProfiledCodeHeapSize                     = 122909434                              {pd product} {ergonomic}
    uintx ReservedCodeCacheSize                    = 251658240                              {pd product} {ergonomic}
     bool SegmentedCodeCache                       = true                                      {product} {ergonomic}
     bool ShowCodeDetailsInExceptionMessages       = true                                   {manageable} {command line}
   size_t SoftMaxHeapSize                          = 3183476736                             {manageable} {ergonomic}
     bool UseCompressedClassPointers               = true                           {product lp64_product} {ergonomic}
     bool UseCompressedOops                        = true                           {product lp64_product} {ergonomic}
     bool UseG1GC                                  = true                                      {product} {ergonomic}
     bool UseLargePagesIndividualAllocation        = false                                  {pd product} {ergonomic}

Logging:
Log output configuration:
 #0: stdout all=warning uptime,level,tags
 #1: stderr all=off uptime,level,tags

Environment Variables:
PATH=C:/Users/roe_l/.p2/pool/plugins/org.eclipse.justj.openjdk.hotspot.jre.full.win32.x86_64_17.0.0.v20211012-1059/jre/bin/server;C:/Users/roe_l/.p2/pool/plugins/org.eclipse.justj.openjdk.hotspot.jre.full.win32.x86_64_17.0.0.v20211012-1059/jre/bin;C:\Program Files (x86)\Common Files\Oracle\Java\javapath;C:\Windows\system32;C:\Windows;C:\Windows\System32\Wbem;C:\Windows\System32\WindowsPowerShell\v1.0\;C:\Windows\System32\OpenSSH\;C:\Program Files (x86)\NVIDIA Corporation\PhysX\Common;C:\WINDOWS\system32;C:\WINDOWS;C:\WINDOWS\System32\Wbem;C:\WINDOWS\System32\WindowsPowerShell\v1.0\;C:\WINDOWS\System32\OpenSSH\;C:\Program Files\dotnet\;C:\Program Files\Microsoft SQL Server\130\Tools\Binn\;C:\Program Files\Microsoft SQL Server\Client SDK\ODBC\170\Tools\Binn\;C:\Program Files (x86)\Microsoft SQL Server\150\Tools\Binn\;C:\Program Files\Microsoft SQL Server\150\Tools\Binn\;C:\Program Files\Microsoft SQL Server\150\DTS\Binn\;C:\Program Files (x86)\Microsoft SQL Server\150\DTS\Binn\;C:\Program Files\Azure Data Studio\bin;C:\Users\roe_l\AppData\Local\Microsoft\WindowsApps;C:\Users\roe_l\.dotnet\tools;;C:\Program Files\Azure Data Studio\bin;C:\WINDOWS\system32;
USERNAME=roe_l
OS=Windows_NT
PROCESSOR_IDENTIFIER=Intel64 Family 6 Model 142 Stepping 12, GenuineIntel



---------------  S Y S T E M  ---------------

OS:
 Windows 10 , 64 bit Build 19041 (10.0.19041.1466)
OS uptime: 3 days 7:49 hours

CPU: total 8 (initial active 8) (4 cores per cpu, 2 threads per core) family 6 model 142 stepping 12 microcode 0xbe, cx8, cmov, fxsr, ht, mmx, 3dnowpref, sse, sse2, sse3, ssse3, sse4.1, sse4.2, popcnt, lzcnt, tsc, tscinvbit, avx, avx2, aes, erms, clmul, bmi1, bmi2, adx, fma, vzeroupper, clflush, clflushopt

Memory: 4k page, system-wide physical 12139M (694M free)
TotalPageFile size 49003M (AvailPageFile size 24M)
current process WorkingSet (physical memory assigned to process): 79M, peak: 186M
current process commit charge ("private bytes"): 296M, peak: 312M

vm_info: OpenJDK 64-Bit Server VM (17+35) for windows-amd64 JRE (17+35), built on Sep 14 2021 17:27:39 by "" with MS VC++ 16.7 (VS2019)

END.
